0 info it worked if it ends with ok
1 verbose cli [ '/usr/local/bin/node', '/usr/local/bin/npm', 'run', 'deploy' ]
2 info using npm@3.6.0
3 info using node@v5.6.0
4 verbose run-script [ 'predeploy', 'deploy', 'postdeploy' ]
5 info lifecycle logd@0.0.1~predeploy: logd@0.0.1
6 silly lifecycle logd@0.0.1~predeploy: no script for predeploy, continuing
7 info lifecycle logd@0.0.1~deploy: logd@0.0.1
8 verbose lifecycle logd@0.0.1~deploy: unsafe-perm in lifecycle true
9 verbose lifecycle logd@0.0.1~deploy: PATH: /usr/local/lib/node_modules/npm/bin/node-gyp-bin:/Users/Anders/Dropbox/dev/logd_project/logd_react/app/node_modules/.bin:/Users/Anders/.rvm/gems/ruby-2.2.1/bin:/Users/Anders/.rvm/gems/ruby-2.2.1@global/bin:/Users/Anders/.rvm/rubies/ruby-2.2.1/bin:/usr/local/sbin:/usr/local/bin:/Users/Anders/Dropbox/dev/bash_scripts:/Applications/Postgres.app/Contents/Versions/9.4/bin:/usr/local/sbin:/usr/local/share/npm/bin:/usr/local/bin:/usr/bin:/bin:/usr/sbin:/sbin:/Users/Anders/.rvm/bin
10 verbose lifecycle logd@0.0.1~deploy: CWD: /Users/Anders/Dropbox/dev/logd_project/logd_react/app
11 silly lifecycle logd@0.0.1~deploy: Args: [ '-c',
11 silly lifecycle   'DEPLOY_HOSTNAME=galaxy.meteor.com meteor deploy --settings private/prod_settings.json' ]
12 silly lifecycle logd@0.0.1~deploy: Returned: code: 1  signal: null
13 info lifecycle logd@0.0.1~deploy: Failed to exec deploy script
14 verbose stack Error: logd@0.0.1 deploy: `DEPLOY_HOSTNAME=galaxy.meteor.com meteor deploy --settings private/prod_settings.json`
14 verbose stack Exit status 1
14 verbose stack     at EventEmitter.<anonymous> (/usr/local/lib/node_modules/npm/lib/utils/lifecycle.js:232:16)
14 verbose stack     at emitTwo (events.js:100:13)
14 verbose stack     at EventEmitter.emit (events.js:185:7)
14 verbose stack     at ChildProcess.<anonymous> (/usr/local/lib/node_modules/npm/lib/utils/spawn.js:24:14)
14 verbose stack     at emitTwo (events.js:100:13)
14 verbose stack     at ChildProcess.emit (events.js:185:7)
14 verbose stack     at maybeClose (internal/child_process.js:827:16)
14 verbose stack     at Process.ChildProcess._handle.onexit (internal/child_process.js:211:5)
15 verbose pkgid logd@0.0.1
16 verbose cwd /Users/Anders/Dropbox/dev/logd_project/logd_react/app
17 error Darwin 14.5.0
18 error argv "/usr/local/bin/node" "/usr/local/bin/npm" "run" "deploy"
19 error node v5.6.0
20 error npm  v3.6.0
21 error code ELIFECYCLE
22 error logd@0.0.1 deploy: `DEPLOY_HOSTNAME=galaxy.meteor.com meteor deploy --settings private/prod_settings.json`
22 error Exit status 1
23 error Failed at the logd@0.0.1 deploy script 'DEPLOY_HOSTNAME=galaxy.meteor.com meteor deploy --settings private/prod_settings.json'.
23 error Make sure you have the latest version of node.js and npm installed.
23 error If you do, this is most likely a problem with the logd package,
23 error not with npm itself.
23 error Tell the author that this fails on your system:
23 error     DEPLOY_HOSTNAME=galaxy.meteor.com meteor deploy --settings private/prod_settings.json
23 error You can get information on how to open an issue for this project with:
23 error     npm bugs logd
23 error Or if that isn't available, you can get their info via:
23 error     npm owner ls logd
23 error There is likely additional logging output above.
24 verbose exit [ 1, true ]
